<?xml version="1.0"?>
<testsuite name="HeadlessChrome 0.0.0 (Linux 0.0.0)" package="" timestamp="2017-12-08T02:30:30" id="0" hostname="localhost.localdomain" tests="45" errors="0" failures="0" time="1.134">
  <properties>
    <property name="browser.fullName" value="Mozilla/5.0 (X11; Linux x86_64) AppleWebKit/537.36 (KHTML, like Gecko) HeadlessChrome/62.0.3198.0 Safari/537.36"/>
  </properties>
  <testcase name="Component Tests ActivateComponent calls activate.get with the key from params" time="0.132" classname="HeadlessChrome_0_0_0_(Linux_0_0_0).Component Tests"/>
  <testcase name="Component Tests ActivateComponent should set set success to OK upon successful activation" time="0.043" classname="HeadlessChrome_0_0_0_(Linux_0_0_0).Component Tests"/>
  <testcase name="Component Tests ActivateComponent should set set error to ERROR upon activation failure" time="0.026" classname="HeadlessChrome_0_0_0_(Linux_0_0_0).Component Tests"/>
  <testcase name="Component Tests PasswordResetFinishComponent should define its initial state" time="0.021" classname="HeadlessChrome_0_0_0_(Linux_0_0_0).Component Tests"/>
  <testcase name="Component Tests PasswordResetFinishComponent sets focus after the view has been initialized" time="0.03" classname="HeadlessChrome_0_0_0_(Linux_0_0_0).Component Tests"/>
  <testcase name="Component Tests PasswordResetInitComponent should define its initial state" time="0.02" classname="HeadlessChrome_0_0_0_(Linux_0_0_0).Component Tests"/>
  <testcase name="Component Tests PasswordResetInitComponent sets focus after the view has been initialized" time="0.019" classname="HeadlessChrome_0_0_0_(Linux_0_0_0).Component Tests"/>
  <testcase name="Component Tests PasswordResetInitComponent notifies of success upon successful requestReset" time="0.024" classname="HeadlessChrome_0_0_0_(Linux_0_0_0).Component Tests"/>
  <testcase name="Component Tests PasswordResetInitComponent notifies of unknown email upon email address not registered/400" time="0.024" classname="HeadlessChrome_0_0_0_(Linux_0_0_0).Component Tests"/>
  <testcase name="Component Tests PasswordResetInitComponent notifies of error upon error response" time="0.017" classname="HeadlessChrome_0_0_0_(Linux_0_0_0).Component Tests"/>
  <testcase name="Component Tests PasswordStrengthBarComponent PasswordStrengthBarComponents should initialize with default values" time="0.024" classname="HeadlessChrome_0_0_0_(Linux_0_0_0).Component Tests"/>
  <testcase name="Component Tests PasswordStrengthBarComponent PasswordStrengthBarComponents should increase strength upon password value change" time="0.021" classname="HeadlessChrome_0_0_0_(Linux_0_0_0).Component Tests"/>
  <testcase name="Component Tests PasswordStrengthBarComponent PasswordStrengthBarComponents should change the color based on strength" time="0.018" classname="HeadlessChrome_0_0_0_(Linux_0_0_0).Component Tests"/>
  <testcase name="Component Tests RegisterComponent should ensure the two passwords entered match" time="0.025" classname="HeadlessChrome_0_0_0_(Linux_0_0_0).Component Tests"/>
  <testcase name="Component Tests RegisterComponent should update success to OK after creating an account" time="0.02" classname="HeadlessChrome_0_0_0_(Linux_0_0_0).Component Tests"/>
  <testcase name="Component Tests RegisterComponent should notify of user existence upon 400/login already in use" time="0.019" classname="HeadlessChrome_0_0_0_(Linux_0_0_0).Component Tests"/>
  <testcase name="Component Tests RegisterComponent should notify of email existence upon 400/email address already in use" time="0.031" classname="HeadlessChrome_0_0_0_(Linux_0_0_0).Component Tests"/>
  <testcase name="Component Tests RegisterComponent should notify of generic error" time="0.017" classname="HeadlessChrome_0_0_0_(Linux_0_0_0).Component Tests"/>
  <testcase name="Component Tests SettingsComponent should send the current identity upon save" time="0.021" classname="HeadlessChrome_0_0_0_(Linux_0_0_0).Component Tests"/>
  <testcase name="Component Tests SettingsComponent should notify of success upon successful save" time="0.021" classname="HeadlessChrome_0_0_0_(Linux_0_0_0).Component Tests"/>
  <testcase name="Component Tests SettingsComponent should notify of error upon failed save" time="0.025" classname="HeadlessChrome_0_0_0_(Linux_0_0_0).Component Tests"/>
  <testcase name="Component Tests AuditsComponent today function  should set toDate to current date" time="0.032" classname="HeadlessChrome_0_0_0_(Linux_0_0_0).Component Tests"/>
  <testcase name="Component Tests AuditsComponent previousMonth function  should set fromDate to current date" time="0.029" classname="HeadlessChrome_0_0_0_(Linux_0_0_0).Component Tests"/>
  <testcase name="Component Tests AuditsComponent By default, on init should set all default values correctly" time="0.03" classname="HeadlessChrome_0_0_0_(Linux_0_0_0).Component Tests"/>
  <testcase name="Component Tests JhiHealthCheckComponent baseName and subSystemName should return the basename when it has no sub system" time="0.018" classname="HeadlessChrome_0_0_0_(Linux_0_0_0).Component Tests"/>
  <testcase name="Component Tests JhiHealthCheckComponent baseName and subSystemName should return the basename when it has sub systems" time="0.019" classname="HeadlessChrome_0_0_0_(Linux_0_0_0).Component Tests"/>
  <testcase name="Component Tests JhiHealthCheckComponent baseName and subSystemName should return the sub system name" time="0.023" classname="HeadlessChrome_0_0_0_(Linux_0_0_0).Component Tests"/>
  <testcase name="Component Tests JhiHealthCheckComponent baseName and subSystemName should return the subsystem when it has multiple keys" time="0.018" classname="HeadlessChrome_0_0_0_(Linux_0_0_0).Component Tests"/>
  <testcase name="Component Tests JhiHealthCheckComponent transformHealthData should flatten empty health data" time="0.022" classname="HeadlessChrome_0_0_0_(Linux_0_0_0).Component Tests"/>
  <testcase name="Component Tests JhiHealthCheckComponent should flatten health data with no subsystems" time="0.021" classname="HeadlessChrome_0_0_0_(Linux_0_0_0).Component Tests"/>
  <testcase name="Component Tests JhiHealthCheckComponent should flatten health data with subsystems at level 1, main system has no additional information" time="0.021" classname="HeadlessChrome_0_0_0_(Linux_0_0_0).Component Tests"/>
  <testcase name="Component Tests JhiHealthCheckComponent should flatten health data with subsystems at level 1, main system has additional information" time="0.02" classname="HeadlessChrome_0_0_0_(Linux_0_0_0).Component Tests"/>
  <testcase name="Component Tests JhiHealthCheckComponent should flatten health data with subsystems at level 1, main system has additional error" time="0.017" classname="HeadlessChrome_0_0_0_(Linux_0_0_0).Component Tests"/>
  <testcase name="Component Tests Cardapio Management Detail Component OnInit Should call load all on init" time="0.022" classname="HeadlessChrome_0_0_0_(Linux_0_0_0).Component Tests"/>
  <testcase name="Component Tests Cargo Management Detail Component OnInit Should call load all on init" time="0.025" classname="HeadlessChrome_0_0_0_(Linux_0_0_0).Component Tests"/>
  <testcase name="Component Tests Cliente Management Detail Component OnInit Should call load all on init" time="0.018" classname="HeadlessChrome_0_0_0_(Linux_0_0_0).Component Tests"/>
  <testcase name="Component Tests Colaborador Management Detail Component OnInit Should call load all on init" time="0.022" classname="HeadlessChrome_0_0_0_(Linux_0_0_0).Component Tests"/>
  <testcase name="Component Tests Endereco Management Detail Component OnInit Should call load all on init" time="0.02" classname="HeadlessChrome_0_0_0_(Linux_0_0_0).Component Tests"/>
  <testcase name="Component Tests Imposto Management Detail Component OnInit Should call load all on init" time="0.022" classname="HeadlessChrome_0_0_0_(Linux_0_0_0).Component Tests"/>
  <testcase name="Component Tests Impressora Management Detail Component OnInit Should call load all on init" time="0.026" classname="HeadlessChrome_0_0_0_(Linux_0_0_0).Component Tests"/>
  <testcase name="Component Tests Lancamento Management Detail Component OnInit Should call load all on init" time="0.022" classname="HeadlessChrome_0_0_0_(Linux_0_0_0).Component Tests"/>
  <testcase name="Component Tests Nota Management Detail Component OnInit Should call load all on init" time="0.023" classname="HeadlessChrome_0_0_0_(Linux_0_0_0).Component Tests"/>
  <testcase name="Component Tests Produto Management Detail Component OnInit Should call load all on init" time="0.025" classname="HeadlessChrome_0_0_0_(Linux_0_0_0).Component Tests"/>
  <testcase name="Component Tests Restaurante Management Detail Component OnInit Should call load all on init" time="0.022" classname="HeadlessChrome_0_0_0_(Linux_0_0_0).Component Tests"/>
  <testcase name="Component Tests Venda Management Detail Component OnInit Should call load all on init" time="0.019" classname="HeadlessChrome_0_0_0_(Linux_0_0_0).Component Tests"/>
  <system-out>
    <![CDATA[
]]>
  </system-out>
  <system-err/>
</testsuite>